<?xml version="1.0" encoding="UTF-8"?>
<!-- Generated by org.testng.reporters.JUnitXMLReporter -->
<testsuite hostname="User-PC" ignored="0" name="packageTest" tests="10" failures="0" timestamp="25 Dec 2017 10:45:49 GMT" time="79.652" errors="0">
  <testcase name="firstTest" time="0.0" classname="com.Selenium.testNG.BasicTestNgTest"/>
  <testcase name="secondTest" time="0.0" classname="com.Selenium.testNG.BasicTestNgTest"/>
  <testcase name="thirdTest" time="0.0" classname="com.Selenium.testNG.BasicTestNgTest"/>
  <testcase name="fifthTest" time="0.001" classname="com.Selenium.testNG.BasicTestNgTest2"/>
  <testcase name="fourthTest" time="0.002" classname="com.Selenium.testNG.BasicTestNgTest2"/>
  <testcase name="methodGrouping1" time="0.0" classname="com.Selenium.testNG.methodGrouping"/>
  <testcase name="methodGrouping2" time="0.0" classname="com.Selenium.testNG.methodGrouping"/>
  <testcase name="methodGrouping3" time="0.0" classname="com.Selenium.testNG.methodGrouping"/>
  <testcase name="chromeDriverTest" time="33.986" classname="com.Selenium.testNG.SampleTest"/>
  <testcase name="firefoxDriverTest" time="45.127" classname="com.Selenium.testNG.SampleTest"/>
</testsuite> <!-- packageTest -->
