<?xml version="1.0" encoding="UTF-8"?>
<testng-results skipped="0" failed="0" ignored="0" total="2" passed="2">
  <reporter-output>
  </reporter-output>
  <suite name="SampleBrowserSuite" duration-ms="66334" started-at="2017-12-25T10:37:25Z" finished-at="2017-12-25T10:38:31Z">
    <groups>
    </groups>
    <test name="BrowserTest" duration-ms="66334" started-at="2017-12-25T10:37:25Z" finished-at="2017-12-25T10:38:31Z">
      <class name="com.Selenium.testNG.SampleTest">
        <test-method status="PASS" signature="beforeClassMethod()[pri:0, instance:com.Selenium.testNG.SampleTest@4b6995df]" name="beforeClassMethod" is-config="true" duration-ms="34" started-at="2017-12-25T16:07:25Z" finished-at="2017-12-25T16:07:25Z">
          <reporter-output>
          </reporter-output>
        </test-method> <!-- beforeClassMethod -->
        <test-method status="PASS" signature="beforeMethodTest()[pri:0, instance:com.Selenium.testNG.SampleTest@4b6995df]" name="beforeMethodTest" is-config="true" duration-ms="1" started-at="2017-12-25T16:07:25Z" finished-at="2017-12-25T16:07:25Z">
          <reporter-output>
          </reporter-output>
        </test-method> <!-- beforeMethodTest -->
        <test-method status="PASS" signature="chromeDriverTest()[pri:0, instance:com.Selenium.testNG.SampleTest@4b6995df]" name="chromeDriverTest" duration-ms="15296" started-at="2017-12-25T16:07:25Z" finished-at="2017-12-25T16:07:40Z">
          <reporter-output>
          </reporter-output>
        </test-method> <!-- chromeDriverTest -->
        <test-method status="PASS" signature="afterMethodTest()[pri:0, instance:com.Selenium.testNG.SampleTest@4b6995df]" name="afterMethodTest" is-config="true" duration-ms="2" started-at="2017-12-25T16:07:40Z" finished-at="2017-12-25T16:07:40Z">
          <reporter-output>
          </reporter-output>
        </test-method> <!-- afterMethodTest -->
        <test-method status="PASS" signature="beforeMethodTest()[pri:0, instance:com.Selenium.testNG.SampleTest@4b6995df]" name="beforeMethodTest" is-config="true" duration-ms="7" started-at="2017-12-25T16:07:40Z" finished-at="2017-12-25T16:07:40Z">
          <reporter-output>
          </reporter-output>
        </test-method> <!-- beforeMethodTest -->
        <test-method status="PASS" signature="firefoxDriverTest()[pri:0, instance:com.Selenium.testNG.SampleTest@4b6995df]" name="firefoxDriverTest" duration-ms="50949" started-at="2017-12-25T16:07:40Z" finished-at="2017-12-25T16:08:31Z">
          <reporter-output>
          </reporter-output>
        </test-method> <!-- firefoxDriverTest -->
        <test-method status="PASS" signature="afterMethodTest()[pri:0, instance:com.Selenium.testNG.SampleTest@4b6995df]" name="afterMethodTest" is-config="true" duration-ms="3" started-at="2017-12-25T16:08:31Z" finished-at="2017-12-25T16:08:31Z">
          <reporter-output>
          </reporter-output>
        </test-method> <!-- afterMethodTest -->
        <test-method status="PASS" signature="afterTestClass()[pri:0, instance:com.Selenium.testNG.SampleTest@4b6995df]" name="afterTestClass" is-config="true" duration-ms="2" started-at="2017-12-25T16:08:31Z" finished-at="2017-12-25T16:08:31Z">
          <reporter-output>
          </reporter-output>
        </test-method> <!-- afterTestClass -->
      </class> <!-- com.Selenium.testNG.SampleTest -->
    </test> <!-- BrowserTest -->
  </suite> <!-- SampleBrowserSuite -->
</testng-results>
