<?xml version="1.0" encoding="UTF-8"?>
<!-- Generated by org.testng.reporters.JUnitXMLReporter -->
<testsuite hostname="User-PC" ignored="0" name="FirstTest" tests="5" failures="0" timestamp="25 Dec 2017 09:32:42 GMT" time="0.047" errors="0">
  <testcase name="firstTest" time="0.002" classname="com.Selenium.testNG.BasicTestNgTest"/>
  <testcase name="secondTest" time="0.001" classname="com.Selenium.testNG.BasicTestNgTest"/>
  <testcase name="thirdTest" time="0.001" classname="com.Selenium.testNG.BasicTestNgTest"/>
  <testcase name="fifthTest" time="0.006" classname="com.Selenium.testNG.BasicTestNgTest2"/>
  <testcase name="fourthTest" time="0.001" classname="com.Selenium.testNG.BasicTestNgTest2"/>
</testsuite> <!-- FirstTest -->
